<?xml version="1.0" encoding="UTF-8"?>
<!-- Generated by org.testng.reporters.JUnitReportReporter -->
<testsuite hostname="Asiya" failures="0" tests="1" name="titleTest.EbayVerifyTitle" time="9.289" errors="0" timestamp="2024-06-26T18:33:36 EDT" skipped="0">
  <testcase classname="titleTest.EbayVerifyTitle" name="titleTest" time="9.289"/>
  <system-out/>
</testsuite> <!-- titleTest.EbayVerifyTitle -->
